[13:37:02.281] INFO (8): Initializing tools all...
[13:37:02.782] INFO (8): Initialize tools all succeded in 500ms.
 INFO: Repository started (repository=hevel86/BrainiacOps)
       "renovateVersion": "41.113.2"
 INFO: Dependency extraction complete (repository=hevel86/BrainiacOps, baseBranch=master)
       "stats": {
         "managers": {
           "github-actions": {"fileCount": 1, "depCount": 3},
           "regex": {"fileCount": 40, "depCount": 44}
         },
         "total": {"fileCount": 41, "depCount": 47}
       }

<--- Last few GCs --->

[89:0x34ad6000]    68050 ms: Mark-Compact 248.6 (258.4) -> 247.6 (258.6) MB, pooled: 0 MB, 716.83 / 0.00 ms  (average mu = 0.106, current mu = 0.098) allocation failure; scavenge might not succeed
[89:0x34ad6000]    68949 ms: Mark-Compact 248.7 (258.6) -> 247.7 (258.4) MB, pooled: 1 MB, 814.75 / 0.00 ms  (average mu = 0.099, current mu = 0.093) allocation failure; scavenge might not succeed


<--- JS stacktrace --->

FATAL ERROR: Ineffective mark-compacts near heap limit Allocation failed - JavaScript heap out of memory
----- Native stack trace -----

 1: 0xe1803a node::OOMErrorHandler(char const*, v8::OOMDetails const&) [/usr/local/renovate/node]
 2: 0x11ec9c0 v8::Utils::ReportOOMFailure(v8::internal::Isolate*, char const*, v8::OOMDetails const&) [/usr/local/renovate/node]
 3: 0x11ecc97 v8::internal::V8::FatalProcessOutOfMemory(v8::internal::Isolate*, char const*, v8::OOMDetails const&) [/usr/local/renovate/node]
 4: 0x141a575  [/usr/local/renovate/node]
 5: 0x141a5a3  [/usr/local/renovate/node]
 6: 0x143367a  [/usr/local/renovate/node]
 7: 0x1436848  [/usr/local/renovate/node]
 8: 0x1c9c351  [/usr/local/renovate/node]
/usr/local/sbin/renovate: line 13:    89 Aborted                 (core dumped) /usr/local/renovate/node --use-openssl-ca "${RENOVATE_NODE_ARGS[@]}" /usr/local/renovate/dist/renovate.js "$@"
